                _._                                                  
           _.-``__ ''-._                                             
      _.-``    `.  `_.  ''-._           Redis 3.2.8 (0c86035c/1) 64 bit
  .-`` .-```.  ```\/    _.,_ ''-._                                   
 (    '      ,       .-`  | `,    )     Running in standalone mode
 |`-._`-...-` __...-.``-._|'` _.-'|     Port: 6379
 |    `-._   `._    /     _.-'    |     PID: 36929
  `-._    `-._  `-./  _.-'    _.-'                                   
 |`-._`-._    `-.__.-'    _.-'_.-'|                                  
 |    `-._`-._        _.-'_.-'    |           http://redis.io        
  `-._    `-._`-.__.-'_.-'    _.-'                                   
 |`-._`-._    `-.__.-'    _.-'_.-'|                                  
 |    `-._`-._        _.-'_.-'    |                                  
  `-._    `-._`-.__.-'_.-'    _.-'                                   
      `-._    `-.__.-'    _.-'                                       
          `-._        _.-'                                           
              `-.__.-'                                               

36929:M 18 Mar 10:52:54.666 # Server started, Redis version 3.2.8
36929:M 18 Mar 10:52:54.667 * DB loaded from disk: 0.000 seconds
36929:M 18 Mar 10:52:54.668 * The server is now ready to accept connections on port 6379
36929:M 18 Mar 10:53:15.180 # User requested shutdown...
36929:M 18 Mar 10:53:15.181 * Saving the final RDB snapshot before exiting.
36929:M 18 Mar 10:53:15.182 * DB saved on disk
36929:M 18 Mar 10:53:15.182 * Removing the pid file.
36929:M 18 Mar 10:53:15.182 # Redis is now ready to exit, bye bye...
                _._                                                  
           _.-``__ ''-._                                             
      _.-``    `.  `_.  ''-._           Redis 3.2.8 (0c86035c/1) 64 bit
  .-`` .-```.  ```\/    _.,_ ''-._                                   
 (    '      ,       .-`  | `,    )     Running in standalone mode
 |`-._`-...-` __...-.``-._|'` _.-'|     Port: 6379
 |    `-._   `._    /     _.-'    |     PID: 36996
  `-._    `-._  `-./  _.-'    _.-'                                   
 |`-._`-._    `-.__.-'    _.-'_.-'|                                  
 |    `-._`-._        _.-'_.-'    |           http://redis.io        
  `-._    `-._`-.__.-'_.-'    _.-'                                   
 |`-._`-._    `-.__.-'    _.-'_.-'|                                  
 |    `-._`-._        _.-'_.-'    |                                  
  `-._    `-._`-.__.-'_.-'    _.-'                                   
      `-._    `-.__.-'    _.-'                                       
          `-._        _.-'                                           
              `-.__.-'                                               

36996:M 18 Mar 11:00:10.268 # Server started, Redis version 3.2.8
36996:M 18 Mar 11:00:10.270 * DB loaded from disk: 0.000 seconds
36996:M 18 Mar 11:00:10.270 * The server is now ready to accept connections on port 6379
36996:M 20 Mar 10:42:49.783 * 1 changes in 900 seconds. Saving...
36996:M 20 Mar 10:42:49.787 * Background saving started by pid 43923
43923:C 20 Mar 10:42:49.788 * DB saved on disk
36996:M 20 Mar 10:42:49.888 * Background saving terminated with success
36996:M 20 Mar 10:57:50.089 * 1 changes in 900 seconds. Saving...
36996:M 20 Mar 10:57:50.090 * Background saving started by pid 44087
44087:C 20 Mar 10:57:50.092 * DB saved on disk
36996:M 20 Mar 10:57:50.192 * Background saving terminated with success
